[2025-10-28T09:04:09.444Z] GET /books
[2025-10-28T09:04:18.311Z] POST /books
[2025-10-28T09:04:18.330Z] GET /books
[2025-10-28T09:04:24.226Z] GET /books/1
[2025-10-28T09:04:26.973Z] GET /books
[2025-10-28T09:04:28.314Z] GET /books/3
[2025-10-28T09:04:29.444Z] GET /books
[2025-10-28T09:04:49.885Z] GET /books
[2025-10-28T09:22:33.418Z] GET /books
[2025-10-28T09:22:36.185Z] GET /books/1
[2025-10-28T09:22:42.218Z] GET /books/4
[2025-10-28T09:22:52.067Z] PUT /books/api/4?_method=PUT
[2025-10-28T09:26:22.144Z] GET /books/4
[2025-10-28T09:26:31.641Z] PUT /books/api/4?_method=PUT
[2025-10-28T09:27:21.433Z] GET /books/4
[2025-10-28T09:27:28.971Z] PUT /books/api/4?_method=PUT
[2025-10-28T09:27:33.214Z] PUT /books/api/4?_method=PUT
[2025-10-28T09:29:26.501Z] GET /books/4
[2025-10-28T09:29:37.133Z] PUT /books/4?_method=PUT
[2025-10-28T09:31:45.467Z] GET /books/4
[2025-10-28T09:31:48.664Z] PUT /books/4?_method=PUT
[2025-10-28T09:31:48.678Z] GET /books/4
[2025-10-28T09:31:55.573Z] PUT /books/4?_method=PUT
[2025-10-28T09:31:55.600Z] GET /books/4
[2025-10-28T09:32:05.809Z] DELETE /books/4?_method=DELETE
[2025-10-28T09:32:05.828Z] GET /books
[2025-10-28T09:32:34.273Z] GET /books/1
[2025-10-28T09:32:37.888Z] PUT /books/1?_method=PUT
[2025-10-28T09:32:37.903Z] GET /books/1
[2025-10-28T09:32:42.221Z] PUT /books/1?_method=PUT
[2025-10-28T09:32:42.237Z] GET /books/1
[2025-10-28T09:32:44.095Z] GET /books
[2025-10-28T09:36:31.962Z] GET /books
[2025-10-28T09:36:32.000Z] GET /styles.css
[2025-10-28T09:37:07.225Z] GET /books
[2025-10-28T09:37:07.257Z] GET /css/styles.css
[2025-10-28T09:37:16.440Z] GET /books
[2025-10-28T09:37:16.690Z] GET /css/styles.css
[2025-10-28T09:37:56.632Z] GET /books
[2025-10-28T09:39:39.952Z] GET /books
[2025-10-28T09:39:47.345Z] GET /books/1
[2025-10-28T09:39:53.628Z] GET /books
[2025-10-28T09:44:36.623Z] GET /books
[2025-10-28T09:45:13.209Z] GET /books
[2025-10-28T09:45:49.474Z] GET /books
[2025-10-28T09:46:27.174Z] GET /books
[2025-10-28T09:47:01.467Z] GET /books/1
[2025-10-28T09:47:31.991Z] GET /books/1
[2025-10-28T09:48:05.262Z] GET /books/1
[2025-10-28T09:48:17.794Z] GET /books/1
[2025-10-28T09:48:46.647Z] GET /books/1
[2025-10-28T09:48:53.223Z] GET /books/1
[2025-10-28T09:49:22.250Z] GET /books/1
[2025-10-28T09:49:42.796Z] GET /books/1
[2025-10-28T09:50:25.437Z] GET /books/1
[2025-10-28T09:50:33.856Z] GET /books
[2025-10-28T09:50:45.613Z] GET /books/3
[2025-10-28T09:50:54.081Z] GET /books
[2025-10-28T10:28:36.438Z] GET /books/api/all
[2025-10-28T10:30:37.841Z] POST /books/api
[2025-10-28T10:33:26.677Z] POST /books/api
[2025-10-28T10:33:40.260Z] POST /books/api
[2025-10-28T10:34:27.489Z] GET /books/api/1
[2025-10-28T10:36:05.146Z] PUT /books/api/1
[2025-10-28T10:37:30.744Z] PUT /books/api/1
[2025-10-28T10:37:54.979Z] DELETE /books/api/5
[2025-10-28T10:39:43.378Z] GET /books
[2025-10-28T10:39:58.340Z] GET /books
[2025-10-28T10:40:41.195Z] GET /books
[2025-10-28T10:40:49.232Z] GET /books
[2025-10-29T12:04:07.309Z] GET /books/1
[2025-10-29T12:04:15.883Z] PUT /books/1?_method=PUT
[2025-10-29T12:04:15.900Z] GET /books/1
[2025-10-29T12:04:24.633Z] PUT /books/1?_method=PUT
[2025-10-29T12:04:24.648Z] GET /books/1
[2025-10-29T12:04:27.080Z] GET /books
[2025-10-29T12:04:35.091Z] POST /books
[2025-10-29T12:04:35.111Z] GET /books
[2025-10-29T12:04:43.829Z] GET /books/5
[2025-10-29T12:04:57.925Z] PUT /books/5?_method=PUT
[2025-10-29T12:04:57.941Z] GET /books/5
[2025-10-29T12:05:06.872Z] DELETE /books/5?_method=DELETE
[2025-10-29T12:05:06.892Z] GET /books
[2025-10-29T12:05:56.873Z] GET /books/2
[2025-10-29T12:06:47.142Z] GET /api/2
[2025-10-29T12:07:37.608Z] GET /books/api/2
